<?xml version="1.0" encoding="UTF-8"?>
<!-- Generated by org.testng.reporters.JUnitReportReporter -->
<testsuite hostname="FeminaPA-Lap" failures="0" tests="1" name="API.BidAPI" time="17.592" errors="0" timestamp="2025-01-16T12:30:29 IST" skipped="0">
  <testcase classname="API.BidAPI" name="fetchApiData" time="17.592"/>
</testsuite> <!-- API.BidAPI -->
